    1  echo $SHELL
    2  nano
    3  nano myscript.sh
    4  ls
    5  chmod 777 WS5.sh
    6  ls
    7  nano WS5.sh
    8  ./WS5.sh
    9  nano WS5.sh
   10  ./WS5.sh
   11  ls
   12  cd 'United States'
   13  ls
   14  cd ..
   15  cd 'Worksheet 5
"
   16  cd 'Worksheet 5'
   17  ls
   18  cd 'United States'
   19  ls
   20  cat Comedy.txt
   21  tail Music.txt
   22  ls
   23  cd ..
   24  ls
   25  cd ..
   26  ls
   27  rmdir 'United States'
   28  rm -r 'United States'
   29  ls
   30  rm -r 'Worksheet 5' ws5.txt
   31  ls
   32  ./WS5.sh
   33  ls
   34  cd 'Worksheet 5'
   35  ls
   36  cd 'United States'
   37  ls
   38  cat Gaming.txt
   39  cd ..
   40  ls
   41  cat ws5.txt
   42  history  >cmds.log
